# JRE version: Java(TM) SE Runtime Environment (8.0_51-b16) (build 1.8.0_51-b16)
# Java VM: Java HotSpot(TM) 64-Bit Server VM (25.51-b03 mixed mode windows-amd64 compressed oops)
Heap:
 PSYoungGen      total 137728K, used 6252K [0x00000000e0000000, 0x00000000e9a00000, 0x0000000100000000)
  eden space 122368K, 0% used [0x00000000e0000000,0x00000000e0000000,0x00000000e7780000)
  from space 15360K, 40% used [0x00000000e8580000,0x00000000e8b9b078,0x00000000e9480000)
  to   space 14336K, 0% used [0x00000000e7780000,0x00000000e7780000,0x00000000e8580000)
 ParOldGen       total 65536K, used 48288K [0x00000000a0000000, 0x00000000a4000000, 0x00000000e0000000)
  object space 65536K, 73% used [0x00000000a0000000,0x00000000a2f282f8,0x00000000a4000000)
 Metaspace       used 56590K, capacity 58888K, committed 58968K, reserved 1099776K
  class space    used 7811K, capacity 8311K, committed 8320K, reserved 1048576K
GC Heap History (10 events):
Event: 42.472 GC heap after
Heap after GC invocations=18 (full 2):
 PSYoungGen      total 98304K, used 4499K [0x00000000e0000000, 0x00000000e6980000, 0x0000000100000000)
  eden space 91648K, 0% used [0x00000000e0000000,0x00000000e0000000,0x00000000e5980000)
  from space 6656K, 67% used [0x00000000e6300000,0x00000000e6764e00,0x00000000e6980000)
  to   space 8192K, 0% used [0x00000000e5980000,0x00000000e5980000,0x00000000e6180000)
 ParOldGen       total 65536K, used 24448K [0x00000000a0000000, 0x00000000a4000000, 0x00000000e0000000)
  object space 65536K, 37% used [0x00000000a0000000,0x00000000a17e0350,0x00000000a4000000)
 Metaspace       used 45012K, capacity 46074K, committed 46296K, reserved 1089536K
  class space    used 6134K, capacity 6375K, committed 6400K, reserved 1048576K
}
Event: 58.137 GC heap before
{Heap before GC invocations=19 (full 2):
 PSYoungGen      total 98304K, used 96147K [0x00000000e0000000, 0x00000000e6980000, 0x0000000100000000)
  eden space 91648K, 100% used [0x00000000e0000000,0x00000000e5980000,0x00000000e5980000)
  from space 6656K, 67% used [0x00000000e6300000,0x00000000e6764e00,0x00000000e6980000)
  to   space 8192K, 0% used [0x00000000e5980000,0x00000000e5980000,0x00000000e6180000)
 ParOldGen       total 65536K, used 24448K [0x00000000a0000000, 0x00000000a4000000, 0x00000000e0000000)
  object space 65536K, 37% used [0x00000000a0000000,0x00000000a17e0350,0x00000000a4000000)
 Metaspace       used 49660K, capacity 51280K, committed 51544K, reserved 1093632K
  class space    used 6898K, capacity 7239K, committed 7296K, reserved 1048576K
Event: 58.258 GC heap after
Heap after GC invocations=19 (full 2):
 PSYoungGen      total 99840K, used 8160K [0x00000000e0000000, 0x00000000e7d80000, 0x0000000100000000)
  eden space 91648K, 0% used [0x00000000e0000000,0x00000000e0000000,0x00000000e5980000)
  from space 8192K, 99% used [0x00000000e5980000,0x00000000e6178010,0x00000000e6180000)
  to   space 10240K, 0% used [0x00000000e7380000,0x00000000e7380000,0x00000000e7d80000)
 ParOldGen       total 65536K, used 27482K [0x00000000a0000000, 0x00000000a4000000, 0x00000000e0000000)
  object space 65536K, 41% used [0x00000000a0000000,0x00000000a1ad6a08,0x00000000a4000000)
 Metaspace       used 49660K, capacity 51280K, committed 51544K, reserved 1093632K
  class space    used 6898K, capacity 7239K, committed 7296K, reserved 1048576K
}
Event: 68.133 GC heap before
{Heap before GC invocations=20 (full 2):
 PSYoungGen      total 99840K, used 99808K [0x00000000e0000000, 0x00000000e7d80000, 0x0000000100000000)
  eden space 91648K, 100% used [0x00000000e0000000,0x00000000e5980000,0x00000000e5980000)
  from space 8192K, 99% used [0x00000000e5980000,0x00000000e6178010,0x00000000e6180000)
  to   space 10240K, 0% used [0x00000000e7380000,0x00000000e7380000,0x00000000e7d80000)
 ParOldGen       total 65536K, used 27482K [0x00000000a0000000, 0x00000000a4000000, 0x00000000e0000000)
  object space 65536K, 41% used [0x00000000a0000000,0x00000000a1ad6a08,0x00000000a4000000)
 Metaspace       used 51655K, capacity 53726K, committed 53848K, reserved 1095680K
  class space    used 7278K, capacity 7714K, committed 7808K, reserved 1048576K
Event: 68.275 GC heap after
Heap after GC invocations=20 (full 2):
 PSYoungGen      total 113152K, used 10224K [0x00000000e0000000, 0x00000000e8900000, 0x0000000100000000)
  eden space 102912K, 0% used [0x00000000e0000000,0x00000000e0000000,0x00000000e6480000)
  from space 10240K, 99% used [0x00000000e7380000,0x00000000e7d7c010,0x00000000e7d80000)
  to   space 15360K, 0% used [0x00000000e6480000,0x00000000e6480000,0x00000000e7380000)
 ParOldGen       total 65536K, used 38018K [0x00000000a0000000, 0x00000000a4000000, 0x00000000e0000000)
  object space 65536K, 58% used [0x00000000a0000000,0x00000000a25208c0,0x00000000a4000000)
 Metaspace       used 51655K, capacity 53726K, committed 53848K, reserved 1095680K
  class space    used 7278K, capacity 7714K, committed 7808K, reserved 1048576K
}
Event: 108.379 GC heap before
{Heap before GC invocations=21 (full 2):
 PSYoungGen      total 113152K, used 113136K [0x00000000e0000000, 0x00000000e8900000, 0x0000000100000000)
  eden space 102912K, 100% used [0x00000000e0000000,0x00000000e6480000,0x00000000e6480000)
  from space 10240K, 99% used [0x00000000e7380000,0x00000000e7d7c010,0x00000000e7d80000)
  to   space 15360K, 0% used [0x00000000e6480000,0x00000000e6480000,0x00000000e7380000)
 ParOldGen       total 65536K, used 38018K [0x00000000a0000000, 0x00000000a4000000, 0x00000000e0000000)
  object space 65536K, 58% used [0x00000000a0000000,0x00000000a25208c0,0x00000000a4000000)
 Metaspace       used 56284K, capacity 58626K, committed 58968K, reserved 1099776K
  class space    used 7763K, capacity 8272K, committed 8320K, reserved 1048576K
Event: 108.550 GC heap after
Heap after GC invocations=21 (full 2):
 PSYoungGen      total 118272K, used 8324K [0x00000000e0000000, 0x00000000e9480000, 0x0000000100000000)
  eden space 102912K, 0% used [0x00000000e0000000,0x00000000e0000000,0x00000000e6480000)
  from space 15360K, 54% used [0x00000000e6480000,0x00000000e6ca13b8,0x00000000e7380000)
  to   space 15360K, 0% used [0x00000000e8580000,0x00000000e8580000,0x00000000e9480000)
 ParOldGen       total 65536K, used 48280K [0x00000000a0000000, 0x00000000a4000000, 0x00000000e0000000)
  object space 65536K, 73% used [0x00000000a0000000,0x00000000a2f262f8,0x00000000a4000000)
 Metaspace       used 56284K, capacity 58626K, committed 58968K, reserved 1099776K
  class space    used 7763K, capacity 8272K, committed 8320K, reserved 1048576K
}
Event: 110.554 GC heap before
{Heap before GC invocations=22 (full 2):
 PSYoungGen      total 118272K, used 16922K [0x00000000e0000000, 0x00000000e9480000, 0x0000000100000000)
  eden space 102912K, 8% used [0x00000000e0000000,0x00000000e08657f8,0x00000000e6480000)
  from space 15360K, 54% used [0x00000000e6480000,0x00000000e6ca13b8,0x00000000e7380000)
  to   space 15360K, 0% used [0x00000000e8580000,0x00000000e8580000,0x00000000e9480000)
 ParOldGen       total 65536K, used 48280K [0x00000000a0000000, 0x00000000a4000000, 0x00000000e0000000)
  object space 65536K, 73% used [0x00000000a0000000,0x00000000a2f262f8,0x00000000a4000000)
 Metaspace       used 56590K, capacity 58888K, committed 58968K, reserved 1099776K
  class space    used 7811K, capacity 8311K, committed 8320K, reserved 1048576K
Event: 110.656 GC heap after
Heap after GC invocations=22 (full 2):
 PSYoungGen      total 137728K, used 6252K [0x00000000e0000000, 0x00000000e9a00000, 0x0000000100000000)
  eden space 122368K, 0% used [0x00000000e0000000,0x00000000e0000000,0x00000000e7780000)
  from space 15360K, 40% used [0x00000000e8580000,0x00000000e8b9b078,0x00000000e9480000)
  to   space 14336K, 0% used [0x00000000e7780000,0x00000000e7780000,0x00000000e8580000)
 ParOldGen       total 65536K, used 48288K [0x00000000a0000000, 0x00000000a4000000, 0x00000000e0000000)
  object space 65536K, 73% used [0x00000000a0000000,0x00000000a2f282f8,0x00000000a4000000)
 Metaspace       used 56590K, capacity 58888K, committed 58968K, reserved 1099776K
  class space    used 7811K, capacity 8311K, committed 8320K, reserved 1048576K
}
Event: 110.656 GC heap before
{Heap before GC invocations=23 (full 3):
 PSYoungGen      total 137728K, used 6252K [0x00000000e0000000, 0x00000000e9a00000, 0x0000000100000000)
  eden space 122368K, 0% used [0x00000000e0000000,0x00000000e0000000,0x00000000e7780000)
  from space 15360K, 40% used [0x00000000e8580000,0x00000000e8b9b078,0x00000000e9480000)
  to   space 14336K, 0% used [0x00000000e7780000,0x00000000e7780000,0x00000000e8580000)
 ParOldGen       total 65536K, used 48288K [0x00000000a0000000, 0x00000000a4000000, 0x00000000e0000000)
  object space 65536K, 73% used [0x00000000a0000000,0x00000000a2f282f8,0x00000000a4000000)
 Metaspace       used 56590K, capacity 58888K, committed 58968K, reserved 1099776K
  class space    used 7811K, capacity 8311K, committed 8320K, reserved 1048576K

